\BOOKMARK [0][]{chapter.1}{1 Linear Regression}{}% 1
\BOOKMARK [1][-]{section.1.1}{1.1 Least squares cost function}{chapter.1}% 2
\BOOKMARK [1][-]{section.1.2}{1.2 Normal Equation}{chapter.1}% 3
\BOOKMARK [2][-]{subsection.1.2.1}{1.2.1 Matrix derivates}{section.1.2}% 4
\BOOKMARK [2][-]{subsection.1.2.2}{1.2.2 Least squares revised}{section.1.2}% 5
\BOOKMARK [1][-]{section.1.3}{1.3 Probabilistic Interpretation of Linear Regression}{chapter.1}% 6
\BOOKMARK [1][-]{section.1.4}{1.4 Newton optimization to maximise l\(\)}{chapter.1}% 7
\BOOKMARK [1][-]{section.1.5}{1.5 Locally Weighted Regression}{chapter.1}% 8
\BOOKMARK [0][]{chapter.2}{2 Classification}{}% 9
\BOOKMARK [1][-]{section.2.1}{2.1 Logistic Regression}{chapter.2}% 10
\BOOKMARK [1][-]{section.2.2}{2.2 Perceptron algorithm}{chapter.2}% 11
\BOOKMARK [0][]{chapter.3}{3 Generalized Linear Models}{}% 12
\BOOKMARK [1][-]{section.3.1}{3.1 Exponential family}{chapter.3}% 13
\BOOKMARK [1][-]{section.3.2}{3.2 Constructing GLM}{chapter.3}% 14
\BOOKMARK [2][-]{subsection.3.2.1}{3.2.1 Ordinary Least Squares}{section.3.2}% 15
\BOOKMARK [2][-]{subsection.3.2.2}{3.2.2 Logistic Regression}{section.3.2}% 16
\BOOKMARK [1][-]{section.3.3}{3.3 Softmax Regression}{chapter.3}% 17
\BOOKMARK [0][]{chapter.4}{4 Generative Learning Algorithms}{}% 18
\BOOKMARK [1][-]{section.4.1}{4.1 Gaussian discriminant analysis}{chapter.4}% 19
\BOOKMARK [2][-]{subsection.4.1.1}{4.1.1 The Gaussian Discriminant Analysis model}{section.4.1}% 20
\BOOKMARK [2][-]{subsection.4.1.2}{4.1.2 Discussion: GDA and logistic regression}{section.4.1}% 21
\BOOKMARK [1][-]{section.4.2}{4.2 Naive Bayes}{chapter.4}% 22
\BOOKMARK [1][-]{section.4.3}{4.3 Laplace smoothing}{chapter.4}% 23
