This is pdfTeX, Version 3.14159265-2.6-1.40.21 (TeX Live 2020/Debian) (preloaded format=pdflatex 2020.11.19)  3 JAN 2021 00:42
entering extended mode
 restricted \write18 enabled.
 %&-line parsing enabled.
**artificialIntelligence.tex
(./artificialIntelligence.tex
LaTeX2e <2020-02-02> patch level 5
L3 programming layer <2020-07-17>
(/usr/share/texlive/texmf-dist/tex/latex/base/book.cls
Document Class: book 2019/12/20 v1.4l Standard LaTeX document class
(/usr/share/texlive/texmf-dist/tex/latex/base/bk10.clo
File: bk10.clo 2019/12/20 v1.4l Standard LaTeX file (size option)
)
\c@part=\count168
\c@chapter=\count169
\c@section=\count170
\c@subsection=\count171
\c@subsubsection=\count172
\c@paragraph=\count173
\c@subparagraph=\count174
\c@figure=\count175
\c@table=\count176
\abovecaptionskip=\skip47
\belowcaptionskip=\skip48
\bibindent=\dimen134
)
(/usr/share/texlive/texmf-dist/tex/latex/base/fontenc.sty
Package: fontenc 2020/02/11 v2.0o Standard LaTeX package
)
(/usr/share/texlive/texmf-dist/tex/latex/base/inputenc.sty
Package: inputenc 2018/08/11 v1.3c Input encoding file
\inpenc@prehook=\toks15
\inpenc@posthook=\toks16
)
(/usr/share/texlive/texmf-dist/tex/generic/babel/babel.sty
Package: babel 2020/07/13 3.47 The Babel package

(/usr/share/texlive/texmf-dist/tex/generic/babel/babel.def
File: babel.def 2020/07/13 3.47 Babel common definitions
\babel@savecnt=\count177
\U@D=\dimen135
\l@babelnohyphens=\language86

(/usr/share/texlive/texmf-dist/tex/generic/babel/txtbabel.def)
\bbl@readstream=\read2
)
\bbl@dirlevel=\count178

(/usr/share/texlive/texmf-dist/tex/generic/babel-italian/italian.ldf
Language: italian 2020/05/21 v.1.4.04 Italian support for the babel system
\it@lettering=\count179
\it@doublequoteactive=\count180
\it@ISOcompliance=\count181
))
(/usr/share/texlive/texmf-dist/tex/latex/etoolbox/etoolbox.sty
Package: etoolbox 2020/07/15 v2.5i e-TeX tools for LaTeX (JAW)
\etb@tempcnta=\count182
)
(/usr/share/texlive/texmf-dist/tex/latex/classicthesis/classicthesis.sty
Package: classicthesis 2018/06/03 v4.6 Typographic style for a classic-looking 
thesis

(/usr/share/texlive/texmf-dist/tex/latex/base/ifthen.sty
Package: ifthen 2014/09/29 v1.1c Standard LaTeX ifthen package (DPC)
)
(/usr/share/texlive/texmf-dist/tex/latex/kvoptions/kvoptions.sty
Package: kvoptions 2019/11/29 v3.13 Key value format for package options (HO)

(/usr/share/texlive/texmf-dist/tex/latex/graphics/keyval.sty
Package: keyval 2014/10/28 v1.15 key=value parser (DPC)
\KV@toks@=\toks17
)
(/usr/share/texlive/texmf-dist/tex/generic/ltxcmds/ltxcmds.sty
Package: ltxcmds 2019/12/15 v1.24 LaTeX kernel commands for general use (HO)
)
(/usr/share/texlive/texmf-dist/tex/generic/kvsetkeys/kvsetkeys.sty
Package: kvsetkeys 2019/12/15 v1.18 Key value parser (HO)
))
(/usr/share/texlive/texmf-dist/tex/generic/iftex/ifpdf.sty
Package: ifpdf 2019/10/25 v3.4 ifpdf legacy package. Use iftex instead.

(/usr/share/texlive/texmf-dist/tex/generic/iftex/iftex.sty
Package: iftex 2020/03/06 v1.0d TeX engine tests
))
(/usr/share/texlive/texmf-dist/tex/generic/iftex/ifxetex.sty
Package: ifxetex 2019/10/25 v0.7 ifxetex legacy package. Use iftex instead.
)
(/usr/share/texlive/texmf-dist/tex/generic/iftex/ifluatex.sty
Package: ifluatex 2019/10/25 v1.5 ifluatex legacy package. Use iftex instead.
)
(/usr/share/texlive/texmf-dist/tex/latex/xcolor/xcolor.sty
Package: xcolor 2016/05/11 v2.12 LaTeX color extensions (UK)

(/usr/share/texlive/texmf-dist/tex/latex/graphics-cfg/color.cfg
File: color.cfg 2016/01/02 v1.6 sample color configuration
)
Package xcolor Info: Driver file: pdftex.def on input line 225.

(/usr/share/texlive/texmf-dist/tex/latex/graphics-def/pdftex.def
File: pdftex.def 2018/01/08 v1.0l Graphics/color driver for pdftex
)
Package xcolor Info: Model `cmy' substituted by `cmy0' on input line 1348.
Package xcolor Info: Model `hsb' substituted by `rgb' on input line 1352.
Package xcolor Info: Model `RGB' extended on input line 1364.
Package xcolor Info: Model `HTML' substituted by `rgb' on input line 1366.
Package xcolor Info: Model `Hsb' substituted by `hsb' on input line 1367.
Package xcolor Info: Model `tHsb' substituted by `hsb' on input line 1368.
Package xcolor Info: Model `HSB' substituted by `hsb' on input line 1369.
Package xcolor Info: Model `Gray' substituted by `gray' on input line 1370.
Package xcolor Info: Model `wave' substituted by `hsb' on input line 1371.

(/usr/share/texlive/texmf-dist/tex/latex/graphics/dvipsnam.def
File: dvipsnam.def 2016/06/17 v3.0m Driver-dependent file (DPC,SPQR)
))
(/usr/share/texlive/texmf-dist/tex/latex/psnfss/mathpazo.sty
Package: mathpazo 2020/03/25 PSNFSS-v9.3 Palatino w/ Pazo Math (D.Puga, WaS) 
\symupright=\mathgroup4
)
(/usr/share/texlive/texmf-dist/tex/latex/bera/beramono.sty
Package: beramono 2004/01/31 (WaS)
)
LaTeX Font Info:    Trying to load font information for T1+pplj on input line 2
02.

(/usr/share/texlive/texmf-dist/tex/latex/psnfss/t1pplj.fd
File: t1pplj.fd 2004/09/06 font definitions for T1/pplj.
)
(/usr/share/texlive/texmf-dist/tex/latex/microtype/microtype.sty
Package: microtype 2019/11/18 v2.7d Micro-typographical refinements (RS)
\MT@toks=\toks18
\MT@count=\count183
LaTeX Info: Redefining \textls on input line 790.
\MT@outer@kern=\dimen136
LaTeX Info: Redefining \textmicrotypecontext on input line 1354.
\MT@listname@count=\count184

(/usr/share/texlive/texmf-dist/tex/latex/microtype/microtype-pdftex.def
File: microtype-pdftex.def 2019/11/18 v2.7d Definitions specific to pdftex (RS)

LaTeX Info: Redefining \lsstyle on input line 914.
LaTeX Info: Redefining \lslig on input line 914.
\MT@outer@space=\skip49
)
Package microtype Info: Loading configuration file microtype.cfg.

(/usr/share/texlive/texmf-dist/tex/latex/microtype/microtype.cfg
File: microtype.cfg 2019/11/18 v2.7d microtype main configuration file (RS)
))
(/usr/share/texlive/texmf-dist/tex/latex/koma-script/typearea.sty
Package: typearea 2020/07/22 v3.31 KOMA-Script package (type area)

(/usr/share/texlive/texmf-dist/tex/latex/koma-script/scrkbase.sty
Package: scrkbase 2020/07/22 v3.31 KOMA-Script package (KOMA-Script-dependent b
asics and keyval usage)

(/usr/share/texlive/texmf-dist/tex/latex/koma-script/scrbase.sty
Package: scrbase 2020/07/22 v3.31 KOMA-Script package (KOMA-Script-independent 
basics and keyval usage)

(/usr/share/texlive/texmf-dist/tex/latex/koma-script/scrlfile.sty
Package: scrlfile 2020/07/22 v3.31 KOMA-Script package (loading files)
)))
\ta@bcor=\skip50
\ta@div=\count185
Package typearea Info: You've used standard option `a4paper'.
(typearea)             This is correct!
(typearea)             Internally I'm using `paper=a4'.
(typearea)             If you'd like to set the option with \KOMAoptions,
(typearea)             you'd have to use `paper=a4' there
(typearea)             instead of `a4paper', too.
\ta@hblk=\skip51
\ta@vblk=\skip52
\ta@temp=\skip53
\footheight=\skip54
Package typearea Info: These are the values describing the layout:
(typearea)             DIV  = 8
(typearea)             BCOR = 0.0pt
(typearea)             \paperwidth      = 597.50793pt
(typearea)              \textwidth      = 373.44246pt
(typearea)              DIV departure   = 0%
(typearea)              \evensidemargin = 77.107pt
(typearea)              \oddsidemargin  = 2.4185pt
(typearea)             \paperheight     = 845.04694pt
(typearea)              \textheight     = 451.00128pt
(typearea)              \topmargin      = 33.36087pt
(typearea)              \headheight     = 15.75005pt
(typearea)              \headsep        = 18.90005pt
(typearea)              \topskip        = 10.0pt
(typearea)              \footskip       = 44.10013pt
(typearea)              \baselineskip   = 12.60004pt
(typearea)              on input line 1739.
)
Package classicthesis Info: A4 paper, Palatino or other on input line 251.
Package typearea Info: These are the values describing the layout:
(typearea)             DIV  = areaset
(typearea)             BCOR = 0.0pt
(typearea)             \paperwidth      = 597.50793pt
(typearea)              \textwidth      = 336.0pt
(typearea)              \evensidemargin = 102.06863pt
(typearea)              \oddsidemargin  = 14.89932pt
(typearea)             \paperheight     = 845.04694pt
(typearea)              \textheight     = 671.99982pt
(typearea)              \topmargin      = -40.58768pt
(typearea)              \headheight     = 15.0pt
(typearea)              \headsep        = 18.90005pt
(typearea)              \topskip        = 10.0pt
(typearea)              \footskip       = 44.10013pt
(typearea)              \baselineskip   = 12.60004pt
(typearea)              on input line 251.

(/usr/share/texlive/texmf-dist/tex/latex/mparhack/mparhack.sty
Package: mparhack 2005/04/17 v1.4 (T. Sgouros and S. Ulrich)
)
(/usr/share/texlive/texmf-dist/tex/latex/booktabs/booktabs.sty
Package: booktabs 2020/01/12 v1.61803398 Publication quality tables
\heavyrulewidth=\dimen137
\lightrulewidth=\dimen138
\cmidrulewidth=\dimen139
\belowrulesep=\dimen140
\belowbottomsep=\dimen141
\aboverulesep=\dimen142
\abovetopsep=\dimen143
\cmidrulesep=\dimen144
\cmidrulekern=\dimen145
\defaultaddspace=\dimen146
\@cmidla=\count186
\@cmidlb=\count187
\@aboverulesep=\dimen147
\@belowrulesep=\dimen148
\@thisruleclass=\count188
\@lastruleclass=\count189
\@thisrulewidth=\dimen149
)
(/usr/share/texlive/texmf-dist/tex/latex/textcase/textcase.sty
Package: textcase 2019/09/14 v1.00 Text only upper/lower case changing (DPC)
)
Package classicthesis Info: Using microtype for character spacing.Make sure you
r pdflatex is version 1.40 or higher. on input line 321.

(/usr/share/texlive/texmf-dist/tex/latex/koma-script/scrlayer-scrpage.sty
Package: scrlayer-scrpage 2020/07/22 v3.31 KOMA-Script package (end user interf
ace for scrlayer)

(/usr/share/texlive/texmf-dist/tex/latex/koma-script/scrlayer.sty
Package: scrlayer 2020/07/22 v3.31 KOMA-Script package (defining layers and pag
e styles)
Package scrlayer Info: Using already defined \footheight
(scrlayer)             hoping, that this is a length and
(scrlayer)             not only a macro on input line 109.
Package scrlayer Info: patching LaTeX kernel macro \pagestyle on input line 210
6.
))
Package scrlayer-scrpage Info: auto-selection of `pagestyleset=standard'.

1: section
1: chapter
1: chapter
1: section
(/usr/share/texlive/texmf-dist/tex/latex/titlesec/titlesec.sty
Package: titlesec 2019/10/16 v2.13 Sectioning titles
\ttl@box=\box45
\beforetitleunit=\skip55
\aftertitleunit=\skip56
\ttl@plus=\dimen150
\ttl@minus=\dimen151
\ttl@toksa=\toks19
\titlewidth=\dimen152
\titlewidthlast=\dimen153
\titlewidthfirst=\dimen154
)
(/usr/share/texlive/texmf-dist/tex/latex/tocloft/tocloft.sty
Package: tocloft 2017/08/31 v2.3i parameterised ToC, etc., typesetting
Package tocloft Info: The document has chapter divisions on input line 51.
\cftparskip=\skip57
\cftbeforetoctitleskip=\skip58
\cftaftertoctitleskip=\skip59
\cftbeforepartskip=\skip60
\cftpartnumwidth=\skip61
\cftpartindent=\skip62
\cftbeforechapskip=\skip63
\cftchapindent=\skip64
\cftchapnumwidth=\skip65
\cftbeforesecskip=\skip66
\cftsecindent=\skip67
\cftsecnumwidth=\skip68
\cftbeforesubsecskip=\skip69
\cftsubsecindent=\skip70
\cftsubsecnumwidth=\skip71
\cftbeforesubsubsecskip=\skip72
\cftsubsubsecindent=\skip73
\cftsubsubsecnumwidth=\skip74
\cftbeforeparaskip=\skip75
\cftparaindent=\skip76
\cftparanumwidth=\skip77
\cftbeforesubparaskip=\skip78
\cftsubparaindent=\skip79
\cftsubparanumwidth=\skip80
\cftbeforeloftitleskip=\skip81
\cftafterloftitleskip=\skip82
\cftbeforefigskip=\skip83
\cftfigindent=\skip84
\cftfignumwidth=\skip85
\c@lofdepth=\count190
\c@lotdepth=\count191
\cftbeforelottitleskip=\skip86
\cftafterlottitleskip=\skip87
\cftbeforetabskip=\skip88
\cfttabindent=\skip89
\cfttabnumwidth=\skip90
)
\newnumberwidth=\skip91
\beforebibskip=\skip92
\newchnumberwidth=\skip93
\figurelabelwidth=\skip94
\tablelabelwidth=\skip95

(/usr/share/texlive/texmf-dist/tex/latex/footmisc/footmisc.sty
Package: footmisc 2011/06/06 v5.5b a miscellany of footnote facilities
\FN@temptoken=\toks20
\footnotemargin=\dimen155
\c@pp@next@reset=\count192
Package footmisc Info: Declaring symbol style bringhurst on input line 855.
Package footmisc Info: Declaring symbol style chicago on input line 863.
Package footmisc Info: Declaring symbol style wiley on input line 872.
Package footmisc Info: Declaring symbol style lamport-robust on input line 883.

Package footmisc Info: Declaring symbol style lamport* on input line 903.
Package footmisc Info: Declaring symbol style lamport*-robust on input line 924
.
)

Package classicthesis Warning: Using package "footmisc" with option "marginal" 
for footnote setup (not 100\% the same as with KOMA).

(/usr/share/texlive/texmf-dist/tex/latex/koma-script/scrtime.sty
Package: scrtime 2020/07/22 v3.31 KOMA-Script package (time of LaTeX run)
)
(/usr/share/texlive/texmf-dist/tex/latex/caption/caption.sty
Package: caption 2020/05/30 v3.4k Customizing captions (AR)

(/usr/share/texlive/texmf-dist/tex/latex/caption/caption3.sty
Package: caption3 2020/07/20 v1.12b caption3 kernel (AR)
Package caption3 Info: TeX engine: e-TeX on input line 61.
\captionmargin=\dimen156
\captionmargin@=\dimen157
\captionwidth=\dimen158
\caption@tempdima=\dimen159
\caption@indent=\dimen160
\caption@parindent=\dimen161
\caption@hangindent=\dimen162
Package caption Info: Standard document class detected.
)
\c@caption@flags=\count193
\c@continuedfloat=\count194
)
(/usr/share/texlive/texmf-dist/tex/latex/carlisle/remreset.sty

Package remreset Warning: The remreset package is obsolete:
(remreset)                \@removefomresset is defined.

) (/usr/share/texlive/texmf-dist/tex/latex/hyperref/hyperref.sty
Package: hyperref 2020-05-15 v7.00e Hypertext links for LaTeX

(/usr/share/texlive/texmf-dist/tex/generic/pdftexcmds/pdftexcmds.sty
Package: pdftexcmds 2020-06-27 v0.33 Utility functions of pdfTeX for LuaTeX (HO
)

(/usr/share/texlive/texmf-dist/tex/generic/infwarerr/infwarerr.sty
Package: infwarerr 2019/12/03 v1.5 Providing info/warning/error messages (HO)
)
Package pdftexcmds Info: \pdf@primitive is available.
Package pdftexcmds Info: \pdf@ifprimitive is available.
Package pdftexcmds Info: \pdfdraftmode found.
)
(/usr/share/texlive/texmf-dist/tex/generic/kvdefinekeys/kvdefinekeys.sty
Package: kvdefinekeys 2019-12-19 v1.6 Define keys (HO)
)
(/usr/share/texlive/texmf-dist/tex/generic/pdfescape/pdfescape.sty
Package: pdfescape 2019/12/09 v1.15 Implements pdfTeX's escape features (HO)
)
(/usr/share/texlive/texmf-dist/tex/latex/hycolor/hycolor.sty
Package: hycolor 2020-01-27 v1.10 Color options for hyperref/bookmark (HO)
)
(/usr/share/texlive/texmf-dist/tex/latex/letltxmacro/letltxmacro.sty
Package: letltxmacro 2019/12/03 v1.6 Let assignment for LaTeX macros (HO)
)
(/usr/share/texlive/texmf-dist/tex/latex/auxhook/auxhook.sty
Package: auxhook 2019-12-17 v1.6 Hooks for auxiliary files (HO)
)
\@linkdim=\dimen163
\Hy@linkcounter=\count195
\Hy@pagecounter=\count196

(/usr/share/texlive/texmf-dist/tex/latex/hyperref/pd1enc.def
File: pd1enc.def 2020-05-15 v7.00e Hyperref: PDFDocEncoding definition (HO)
Now handling font encoding PD1 ...
... no UTF-8 mapping file for font encoding PD1
)
(/usr/share/texlive/texmf-dist/tex/generic/intcalc/intcalc.sty
Package: intcalc 2019/12/15 v1.3 Expandable calculations with integers (HO)
)
(/usr/share/texlive/texmf-dist/tex/generic/etexcmds/etexcmds.sty
Package: etexcmds 2019/12/15 v1.7 Avoid name clashes with e-TeX commands (HO)
)
\Hy@SavedSpaceFactor=\count197
Package hyperref Info: Option `hyperfootnotes' set `false' on input line 4338.
Package hyperref Info: Hyper figures OFF on input line 4464.
Package hyperref Info: Link nesting OFF on input line 4469.
Package hyperref Info: Hyper index ON on input line 4472.
Package hyperref Info: Plain pages OFF on input line 4479.
Package hyperref Info: Backreferencing OFF on input line 4484.
Package hyperref Info: Implicit mode ON; LaTeX internals redefined.
Package hyperref Info: Bookmarks ON on input line 4717.
\c@Hy@tempcnt=\count198

(/usr/share/texlive/texmf-dist/tex/latex/url/url.sty
\Urlmuskip=\muskip16
Package: url 2013/09/16  ver 3.4  Verb mode for urls, etc.
)
LaTeX Info: Redefining \url on input line 5076.
\XeTeXLinkMargin=\dimen164

(/usr/share/texlive/texmf-dist/tex/generic/bitset/bitset.sty
Package: bitset 2019/12/09 v1.3 Handle bit-vector datatype (HO)

(/usr/share/texlive/texmf-dist/tex/generic/bigintcalc/bigintcalc.sty
Package: bigintcalc 2019/12/15 v1.5 Expandable calculations on big integers (HO
)
))
\Fld@menulength=\count199
\Field@Width=\dimen165
\Fld@charsize=\dimen166
Package hyperref Info: Hyper figures OFF on input line 6347.
Package hyperref Info: Link nesting OFF on input line 6352.
Package hyperref Info: Hyper index ON on input line 6355.
Package hyperref Info: backreferencing OFF on input line 6362.
Package hyperref Info: Link coloring OFF on input line 6367.
Package hyperref Info: Link coloring with OCG OFF on input line 6372.
Package hyperref Info: PDF/A mode OFF on input line 6377.
LaTeX Info: Redefining \ref on input line 6417.
LaTeX Info: Redefining \pageref on input line 6421.

(/usr/share/texlive/texmf-dist/tex/generic/atbegshi/atbegshi.sty
Package: atbegshi 2019/12/05 v1.19 At begin shipout hook (HO)
)
\Hy@abspage=\count266
\c@Item=\count267
)
Package hyperref Info: Driver (autodetected): hpdftex.

(/usr/share/texlive/texmf-dist/tex/latex/hyperref/hpdftex.def
File: hpdftex.def 2020-05-15 v7.00e Hyperref driver for pdfTeX

(/usr/share/texlive/texmf-dist/tex/latex/atveryend/atveryend.sty
Package: atveryend 2019-12-11 v1.11 Hooks at the very end of document (HO)
)
\Fld@listcount=\count268
\c@bookmark@seq@number=\count269

(/usr/share/texlive/texmf-dist/tex/latex/rerunfilecheck/rerunfilecheck.sty
Package: rerunfilecheck 2019/12/05 v1.9 Rerun checks for auxiliary files (HO)

(/usr/share/texlive/texmf-dist/tex/generic/uniquecounter/uniquecounter.sty
Package: uniquecounter 2019/12/15 v1.4 Provide unlimited unique counter (HO)
)
Package uniquecounter Info: New unique counter `rerunfilecheck' on input line 2
86.
)
\Hy@SectionHShift=\skip96
)
Package hyperref Info: Option `colorlinks' set `true' on input line 679.
Package hyperref Info: Option `linktocpage' set `true' on input line 679.
Package hyperref Info: Option `breaklinks' set `true' on input line 679.
)
(/usr/share/texlive/texmf-dist/tex/latex/arsclassica/arsclassica.sty
Package: arsclassica 2017/10/31
Package typearea Info: These are the values describing the layout:
(typearea)             DIV  = areaset
(typearea)             BCOR = 0.0pt
(typearea)             \paperwidth      = 597.50793pt
(typearea)              \textwidth      = 370.0pt
(typearea)              \evensidemargin = 79.40195pt
(typearea)              \oddsidemargin  = 3.56598pt
(typearea)             \paperheight     = 845.04694pt
(typearea)              \textheight     = 705.99982pt
(typearea)              \topmargin      = -51.92102pt
(typearea)              \headheight     = 15.0pt
(typearea)              \headsep        = 18.90005pt
(typearea)              \topskip        = 10.0pt
(typearea)              \footskip       = 44.10013pt
(typearea)              \baselineskip   = 12.60004pt
(typearea)              on input line 17.

(/usr/share/texlive/texmf-dist/tex/latex/soul/soul.sty
Package: soul 2003/11/17 v2.4 letterspacing/underlining (mf)
\SOUL@word=\toks21
\SOUL@lasttoken=\toks22
\SOUL@cmds=\toks23
\SOUL@buffer=\toks24
\SOUL@token=\toks25
\SOUL@spaceskip=\skip97
\SOUL@ttwidth=\dimen167
\SOUL@uldp=\dimen168
\SOUL@ulht=\dimen169
)
LaTeX Info: Redefining \spacedallcaps on input line 58.
LaTeX Info: Redefining \spacedlowsmallcaps on input line 60.
Package hyperref Info: Option `colorlinks' set `true' on input line 184.
Package hyperref Info: Option `linktocpage' set `true' on input line 184.
Package hyperref Info: Option `breaklinks' set `true' on input line 184.
Package hyperref Info: Option `pageanchor' set `true' on input line 184.
Package hyperref Info: Option `plainpages' set `false' on input line 184.
Package hyperref Info: Option `bookmarksnumbered' set `true' on input line 184.

Package hyperref Info: Option `bookmarksopen' set `true' on input line 184.
Package hyperref Info: Option `hypertexnames' set `true' on input line 184.


Package hyperref Warning: Option `hyperfootnotes' has already been used,
(hyperref)                setting the option has no effect on input line 184.


Package hyperref Warning: Option `pdfpagelabels' has already been used,
(hyperref)                setting the option has no effect on input line 184.

) (/usr/share/texlive/texmf-dist/tex/latex/amsmath/amsmath.sty
Package: amsmath 2020/01/20 v2.17e AMS math features
\@mathmargin=\skip98

For additional information on amsmath, use the `?' option.
(/usr/share/texlive/texmf-dist/tex/latex/amsmath/amstext.sty
Package: amstext 2000/06/29 v2.01 AMS text

(/usr/share/texlive/texmf-dist/tex/latex/amsmath/amsgen.sty
File: amsgen.sty 1999/11/30 v2.0 generic functions
\@emptytoks=\toks26
\ex@=\dimen170
))
(/usr/share/texlive/texmf-dist/tex/latex/amsmath/amsbsy.sty
Package: amsbsy 1999/11/29 v1.2d Bold Symbols
\pmbraise@=\dimen171
)
(/usr/share/texlive/texmf-dist/tex/latex/amsmath/amsopn.sty
Package: amsopn 2016/03/08 v2.02 operator names
)
\inf@bad=\count270
LaTeX Info: Redefining \frac on input line 227.
\uproot@=\count271
\leftroot@=\count272
LaTeX Info: Redefining \overline on input line 389.
\classnum@=\count273
\DOTSCASE@=\count274
LaTeX Info: Redefining \ldots on input line 486.
LaTeX Info: Redefining \dots on input line 489.
LaTeX Info: Redefining \cdots on input line 610.
\Mathstrutbox@=\box46
\strutbox@=\box47
\big@size=\dimen172
LaTeX Font Info:    Redeclaring font encoding OML on input line 733.
LaTeX Font Info:    Redeclaring font encoding OMS on input line 734.
\macc@depth=\count275
\c@MaxMatrixCols=\count276
\dotsspace@=\muskip17
\c@parentequation=\count277
\dspbrk@lvl=\count278
\tag@help=\toks27
\row@=\count279
\column@=\count280
\maxfields@=\count281
\andhelp@=\toks28
\eqnshift@=\dimen173
\alignsep@=\dimen174
\tagshift@=\dimen175
\tagwidth@=\dimen176
\totwidth@=\dimen177
\lineht@=\dimen178
\@envbody=\toks29
\multlinegap=\skip99
\multlinetaggap=\skip100
\mathdisplay@stack=\toks30
LaTeX Info: Redefining \[ on input line 2859.
LaTeX Info: Redefining \] on input line 2860.
)
(/usr/share/texlive/texmf-dist/tex/latex/amsfonts/amssymb.sty
Package: amssymb 2013/01/14 v3.01 AMS font symbols

(/usr/share/texlive/texmf-dist/tex/latex/amsfonts/amsfonts.sty
Package: amsfonts 2013/01/14 v3.01 Basic AMSFonts support
\symAMSa=\mathgroup5
\symAMSb=\mathgroup6
LaTeX Font Info:    Redeclaring math symbol \hbar on input line 98.
LaTeX Font Info:    Overwriting math alphabet `\mathfrak' in version `bold'
(Font)                  U/euf/m/n --> U/euf/b/n on input line 106.
))
(/usr/share/texlive/texmf-dist/tex/latex/amscls/amsthm.sty
Package: amsthm 2020/05/29 v2.20.6
\thm@style=\toks31
\thm@bodyfont=\toks32
\thm@headfont=\toks33
\thm@notefont=\toks34
\thm@headpunct=\toks35
\thm@preskip=\skip101
\thm@postskip=\skip102
\thm@headsep=\skip103
\dth@everypar=\toks36
)
(/usr/share/texlive/texmf-dist/tex/latex/clrscode3e/clrscode3e.sty
Package: clrscode3e 

(/usr/share/texlive/texmf-dist/tex/latex/graphics/graphics.sty
Package: graphics 2019/11/30 v1.4a Standard LaTeX Graphics (DPC,SPQR)

(/usr/share/texlive/texmf-dist/tex/latex/graphics/trig.sty
Package: trig 2016/01/03 v1.10 sin cos tan (DPC)
)
(/usr/share/texlive/texmf-dist/tex/latex/graphics-cfg/graphics.cfg
File: graphics.cfg 2016/06/04 v1.11 sample graphics configuration
)
Package graphics Info: Driver file: pdftex.def on input line 105.
)
\c@codelinenumber=\count282
\c@indent=\count283
\digitwidth=\skip104
\savecode=\box48
\codeboxwidth=\skip105
\c@thisindent=\count284
)
(/usr/share/texlive/texmf-dist/tex/latex/graphics/graphicx.sty
Package: graphicx 2019/11/30 v1.2a Enhanced LaTeX Graphics (DPC,SPQR)
\Gin@req@height=\dimen179
\Gin@req@width=\dimen180
)
(/usr/share/texlive/texmf-dist/tex/latex/listings/listings.sty
\lst@mode=\count285
\lst@gtempboxa=\box49
\lst@token=\toks37
\lst@length=\count286
\lst@currlwidth=\dimen181
\lst@column=\count287
\lst@pos=\count288
\lst@lostspace=\dimen182
\lst@width=\dimen183
\lst@newlines=\count289
\lst@lineno=\count290
\lst@maxwidth=\dimen184

(/usr/share/texlive/texmf-dist/tex/latex/listings/lstmisc.sty
File: lstmisc.sty 2020/03/24 1.8d (Carsten Heinz)
\c@lstnumber=\count291
\lst@skipnumbers=\count292
\lst@framebox=\box50
)
(/usr/share/texlive/texmf-dist/tex/latex/listings/listings.cfg
File: listings.cfg 2020/03/24 1.8d listings configuration
))
Package: listings 2020/03/24 1.8d (Carsten Heinz)
\c@prop=\count293
\c@thm=\count294
\c@corol=\count295
\c@esempio=\count296

(/usr/share/texlive/texmf-dist/tex/latex/l3backend/l3backend-pdfmode.def
File: l3backend-pdfmode.def 2020-06-29 L3 backend support: PDF mode
\l__kernel_color_stack_int=\count297
\l__pdf_internal_box=\box51
)
(./artificialIntelligence.aux)
\openout1 = `artificialIntelligence.aux'.

LaTeX Font Info:    Checking defaults for OML/cmm/m/it on input line 29.
LaTeX Font Info:    ... okay on input line 29.
LaTeX Font Info:    Checking defaults for OMS/cmsy/m/n on input line 29.
LaTeX Font Info:    ... okay on input line 29.
LaTeX Font Info:    Checking defaults for OT1/cmr/m/n on input line 29.
LaTeX Font Info:    ... okay on input line 29.
LaTeX Font Info:    Checking defaults for T1/cmr/m/n on input line 29.
LaTeX Font Info:    ... okay on input line 29.
LaTeX Font Info:    Checking defaults for TS1/cmr/m/n on input line 29.
LaTeX Font Info:    ... okay on input line 29.
LaTeX Font Info:    Checking defaults for OMX/cmex/m/n on input line 29.
LaTeX Font Info:    ... okay on input line 29.
LaTeX Font Info:    Checking defaults for U/cmr/m/n on input line 29.
LaTeX Font Info:    ... okay on input line 29.
LaTeX Font Info:    Checking defaults for PD1/pdf/m/n on input line 29.
LaTeX Font Info:    ... okay on input line 29.
LaTeX Info: Redefining \it@ocap on input line 29.
LaTeX Info: Redefining \it@ccap on input line 29.

(/usr/share/texlive/texmf-dist/tex/context/base/mkii/supp-pdf.mkii
[Loading MPS to PDF converter (version 2006.09.02).]
\scratchcounter=\count298
\scratchdimen=\dimen185
\scratchbox=\box52
\nofMPsegments=\count299
\nofMParguments=\count300
\everyMPshowfont=\toks38
\MPscratchCnt=\count301
\MPscratchDim=\dimen186
\MPnumerator=\count302
\makeMPintoPDFobject=\count303
\everyMPtoPDFconversion=\toks39
) (/usr/share/texlive/texmf-dist/tex/latex/epstopdf-pkg/epstopdf-base.sty
Package: epstopdf-base 2020-01-24 v2.11 Base part for package epstopdf
Package epstopdf-base Info: Redefining graphics rule for `.eps' on input line 4
85.

(/usr/share/texlive/texmf-dist/tex/latex/latexconfig/epstopdf-sys.cfg
File: epstopdf-sys.cfg 2010/07/13 v1.3 Configuration of (r)epstopdf for TeX Liv
e
))
LaTeX Info: Redefining \microtypecontext on input line 29.
Package microtype Info: Generating PDF output.
Package microtype Info: Character protrusion enabled (level 2).
Package microtype Info: Using default protrusion set `alltext'.
Package microtype Info: Automatic font expansion enabled (level 2),
(microtype)             stretch: 20, shrink: 20, step: 1, non-selected.
Package microtype Info: Using default expansion set `basictext'.
LaTeX Info: Redefining \showhyphens on input line 29.
Package microtype Info: No adjustment of tracking.
Package microtype Info: No adjustment of interword spacing.
Package microtype Info: No adjustment of character kerning.

(/usr/share/texlive/texmf-dist/tex/latex/microtype/mt-ppl.cfg
File: mt-ppl.cfg 2005/11/16 v1.6 microtype config. file: Palatino (RS)
)
Package caption Info: Begin \AtBeginDocument code.
Package caption Info: hyperref package is loaded.
Package caption Info: listings package is loaded.
Package caption Info: End \AtBeginDocument code.
\AtBeginShipoutBox=\box53
Package hyperref Info: Link coloring ON on input line 29.

(/usr/share/texlive/texmf-dist/tex/latex/hyperref/nameref.sty
Package: nameref 2019/09/16 v2.46 Cross-referencing by name of section

(/usr/share/texlive/texmf-dist/tex/latex/refcount/refcount.sty
Package: refcount 2019/12/15 v3.6 Data extraction from label references (HO)
)
(/usr/share/texlive/texmf-dist/tex/generic/gettitlestring/gettitlestring.sty
Package: gettitlestring 2019/12/15 v1.6 Cleanup title references (HO)
)
\c@section@level=\count304
)
LaTeX Info: Redefining \ref on input line 29.
LaTeX Info: Redefining \pageref on input line 29.
LaTeX Info: Redefining \nameref on input line 29.

(./artificialIntelligence.out) (./artificialIntelligence.out)
\@outlinefile=\write3
\openout3 = `artificialIntelligence.out'.

\c@lstlisting=\count305
LaTeX Font Info:    Trying to load font information for OT1+pplx on input line 
33.

(/usr/share/texlive/texmf-dist/tex/latex/psnfss/ot1pplx.fd
File: ot1pplx.fd 2004/09/06 font definitions for OT1/pplx.
)
LaTeX Font Info:    Trying to load font information for OML+zplm on input line 
33.

(/usr/share/texlive/texmf-dist/tex/latex/psnfss/omlzplm.fd
File: omlzplm.fd 2002/09/08 Fontinst v1.914 font definitions for OML/zplm.
)
LaTeX Font Info:    Trying to load font information for OMS+zplm on input line 
33.

(/usr/share/texlive/texmf-dist/tex/latex/psnfss/omszplm.fd
File: omszplm.fd 2002/09/08 Fontinst v1.914 font definitions for OMS/zplm.
)
LaTeX Font Info:    Trying to load font information for OMX+zplm on input line 
33.

(/usr/share/texlive/texmf-dist/tex/latex/psnfss/omxzplm.fd
File: omxzplm.fd 2002/09/08 Fontinst v1.914 font definitions for OMX/zplm.
)
LaTeX Font Info:    Trying to load font information for OT1+zplm on input line 
33.

(/usr/share/texlive/texmf-dist/tex/latex/psnfss/ot1zplm.fd
File: ot1zplm.fd 2002/09/08 Fontinst v1.914 font definitions for OT1/zplm.
)
Package microtype Info: Loading generic protrusion settings for font family
(microtype)             `zplm' (encoding: OT1).
(microtype)             For optimal results, create family-specific settings.
(microtype)             See the microtype manual for details.
LaTeX Font Info:    Font shape `U/msa/m/n' will be
(Font)              scaled to size 12.50409pt on input line 33.

(/usr/share/texlive/texmf-dist/tex/latex/microtype/mt-msa.cfg
File: mt-msa.cfg 2006/02/04 v1.1 microtype config. file: AMS symbols (a) (RS)
)
LaTeX Font Info:    Font shape `U/msa/m/n' will be
(Font)              scaled to size 9.37807pt on input line 33.
LaTeX Font Info:    Font shape `U/msa/m/n' will be
(Font)              scaled to size 7.29405pt on input line 33.
LaTeX Font Info:    Font shape `U/msb/m/n' will be
(Font)              scaled to size 12.50409pt on input line 33.

(/usr/share/texlive/texmf-dist/tex/latex/microtype/mt-msb.cfg
File: mt-msb.cfg 2005/06/01 v1.0 microtype config. file: AMS symbols (b) (RS)
)
LaTeX Font Info:    Font shape `U/msb/m/n' will be
(Font)              scaled to size 9.37807pt on input line 33.
LaTeX Font Info:    Font shape `U/msb/m/n' will be
(Font)              scaled to size 7.29405pt on input line 33.
 [1


{/var/lib/texmf/fonts/map/pdftex/updmap/pdftex.map}]
LaTeX Font Info:    Trying to load font information for T1+iwona on input line 
35.

(/usr/share/texlive/texmf-dist/tex/latex/iwona/t1iwona.fd
File: t1iwona.fd 2008/07/22 v0.995 font definition file for T1/iwona (MW)
)
Package microtype Info: Loading generic protrusion settings for font family
(microtype)             `iwona' (encoding: T1).
(microtype)             For optimal results, create family-specific settings.
(microtype)             See the microtype manual for details.

(./artificialIntelligence.toc
Package microtype Info: Character `029' is missing
(microtype)             in font `T1/pplj/m/sc/10'.
(microtype)             Ignoring protrusion settings for this character.
Package microtype Info: Character `029' is missing
(microtype)             in font `T1/iwona/m/sc/10'.
(microtype)             Ignoring protrusion settings for this character.
)
\tf@toc=\write4
\openout4 = `artificialIntelligence.toc'.

LaTeX Font Info:    Font shape `U/msa/m/n' will be
(Font)              scaled to size 10.42007pt on input line 36.
LaTeX Font Info:    Font shape `U/msa/m/n' will be
(Font)              scaled to size 7.91925pt on input line 36.
LaTeX Font Info:    Font shape `U/msa/m/n' will be
(Font)              scaled to size 6.25204pt on input line 36.
LaTeX Font Info:    Font shape `U/msb/m/n' will be
(Font)              scaled to size 10.42007pt on input line 36.
LaTeX Font Info:    Font shape `U/msb/m/n' will be
(Font)              scaled to size 7.91925pt on input line 36.
LaTeX Font Info:    Font shape `U/msb/m/n' will be
(Font)              scaled to size 6.25204pt on input line 36.
 [2

] (./artificialIntelligence.lof [3

])
\tf@lof=\write5
\openout5 = `artificialIntelligence.lof'.


(./intro.tex
Capitolo 1.
[4]
<Images/timeline.png, id=289, 578.91281pt x 243.91125pt>
File: Images/timeline.png Graphic file (type png)
<use Images/timeline.png>
Package pdftex.def Info: Images/timeline.png  used on input line 7.
(pdftex.def)             Requested size: 166.49887pt x 70.14812pt.
<Images/timeline2.png, id=290, 564.60938pt x 234.1247pt>
File: Images/timeline2.png Graphic file (type png)
<use Images/timeline2.png>
Package pdftex.def Info: Images/timeline2.png  used on input line 8.
(pdftex.def)             Requested size: 166.49887pt x 69.04117pt.


LaTeX Font Warning: Font shape `T1/pplj/b/sc' undefined
(Font)              using `T1/pplj/b/n' instead on input line 14.

Package microtype Info: Character `029' is missing
(microtype)             in font `T1/iwona/b/sc/10'.
(microtype)             Ignoring protrusion settings for this character.
[5

 <./Images/timeline.png (PNG copy)> <./Images/timeline2.png (PNG copy)>])
(./agents.tex
Capitolo 2.
[6] [7

]
<Images/agents.png, id=320, 562.35094pt x 239.39438pt>
File: Images/agents.png Graphic file (type png)
<use Images/agents.png>
Package pdftex.def Info: Images/agents.png  used on input line 68.
(pdftex.def)             Requested size: 370.0pt x 157.51128pt.
 [8 <./Images/agents.png (PNG copy)>] [9]
<Images/summary.png, id=342, 303.38344pt x 241.65282pt>
File: Images/summary.png Graphic file (type png)
<use Images/summary.png>
Package pdftex.def Info: Images/summary.png  used on input line 180.
(pdftex.def)             Requested size: 296.00113pt x 235.77832pt.
 [10 <./Images/summary.png (PNG copy)>]
<Images/agent.png, id=349, 274.77657pt x 257.46187pt>
File: Images/agent.png Graphic file (type png)
<use Images/agent.png>
Package pdftex.def Info: Images/agent.png  used on input line 198.
(pdftex.def)             Requested size: 296.00113pt x 277.37502pt.
<Images/agentFunctions.png, id=351, 535.2497pt x 219.82124pt>
File: Images/agentFunctions.png Graphic file (type png)
<use Images/agentFunctions.png>
Package pdftex.def Info: Images/agentFunctions.png  used on input line 224.
(pdftex.def)             Requested size: 296.00113pt x 121.56953pt.
LaTeX Font Info:    Trying to load font information for TS1+pplj on input line 
229.
 (/usr/share/texlive/texmf-dist/tex/latex/psnfss/ts1pplj.fd
File: ts1pplj.fd 2004/09/06 font definitions for TS1/pplj.
) [11 <./Images/agent.png (PNG copy)>]) (./csp.tex
Capitolo 3.
[12 <./Images/agentFunctions.png (PNG copy)>] [13

]
<Images/ac-3.png, id=368, 761.84625pt x 455.7025pt>
File: Images/ac-3.png Graphic file (type png)
<use Images/ac-3.png>
Package pdftex.def Info: Images/ac-3.png  used on input line 118.
(pdftex.def)             Requested size: 370.0pt x 221.31444pt.
LaTeX Font Info:    Font shape `U/msa/m/n' will be
(Font)              scaled to size 5.21004pt on input line 119.
LaTeX Font Info:    Font shape `U/msb/m/n' will be
(Font)              scaled to size 5.21004pt on input line 119.
Package microtype Info: Character `029' is missing
(microtype)             in font `T1/pplj/m/sc/9'.
(microtype)             Ignoring protrusion settings for this character.
 [14]
<Images/searchCost.png, id=377, 638.385pt x 562.1pt>
File: Images/searchCost.png Graphic file (type png)
<use Images/searchCost.png>
Package pdftex.def Info: Images/searchCost.png  used on input line 170.
(pdftex.def)             Requested size: 258.99887pt x 228.0438pt.
 [15 <./Images/ac-3.png>]
<Images/backtracking.png, id=384, 962.59625pt x 590.205pt>
File: Images/backtracking.png Graphic file (type png)
<use Images/backtracking.png>
Package pdftex.def Info: Images/backtracking.png  used on input line 217.
(pdftex.def)             Requested size: 296.00113pt x 181.4847pt.
Package microtype Info: Character `029' is missing
(microtype)             in font `T1/iwona/m/sc/14.4'.
(microtype)             Ignoring protrusion settings for this character.
 [16 <./Images/searchCost.png>]
<Images/genericLocalSearch.png, id=395, 1370.11874pt x 622.325pt>
File: Images/genericLocalSearch.png Graphic file (type png)
<use Images/genericLocalSearch.png>
Package pdftex.def Info: Images/genericLocalSearch.png  used on input line 244.

(pdftex.def)             Requested size: 370.0pt x 168.05847pt.
 [17 <./Images/backtracking.png> <./Images/genericLocalSearch.png>]
<Images/min-conflicts.png, id=403, 1194.4625pt x 436.63126pt>
File: Images/min-conflicts.png Graphic file (type png)
<use Images/min-conflicts.png>
Package pdftex.def Info: Images/min-conflicts.png  used on input line 278.
(pdftex.def)             Requested size: 370.0pt x 135.25435pt.
 [18 <./Images/min-conflicts.png>]
<Images/tree-CSP-Solver.png, id=409, 852.18375pt x 527.9725pt>
File: Images/tree-CSP-Solver.png Graphic file (type png)
<use Images/tree-CSP-Solver.png>
Package pdftex.def Info: Images/tree-CSP-Solver.png  used on input line 343.
(pdftex.def)             Requested size: 296.00113pt x 183.39136pt.
 [19 <./Images/tree-CSP-Solver.png>]) (./knowledge.tex
Capitolo 4.
[20] [21

] [22]
<Images/dpll.png, id=438, 838.13126pt x 496.85625pt>
File: Images/dpll.png Graphic file (type png)
<use Images/dpll.png>
Package pdftex.def Info: Images/dpll.png  used on input line 147.
(pdftex.def)             Requested size: 370.0pt x 219.33765pt.
<Images/walksat.png, id=441, 1099.10625pt x 414.54875pt>
File: Images/walksat.png Graphic file (type png)
<use Images/walksat.png>
Package pdftex.def Info: Images/walksat.png  used on input line 160.
(pdftex.def)             Requested size: 370.0pt x 139.5531pt.
 [23 <./Images/dpll.png>]
<Images/dpllComparison.png, id=452, 1243.64626pt x 511.9125pt>
File: Images/dpllComparison.png Graphic file (type png)
<use Images/dpllComparison.png>
Package pdftex.def Info: Images/dpllComparison.png  used on input line 166.
(pdftex.def)             Requested size: 370.0pt x 152.30171pt.
 [24 <./Images/walksat.png> <./Images/dpllComparison.png>] [25]
<Images/generalOntology.png, id=480, 1282.7925pt x 567.11874pt>
File: Images/generalOntology.png Graphic file (type png)
<use Images/generalOntology.png>
Package pdftex.def Info: Images/generalOntology.png  used on input line 256.
(pdftex.def)             Requested size: 370.0pt x 163.56891pt.
 [26 <./Images/generalOntology.png>] [27]
Overfull \hbox (3.94292pt too wide) detected at line 397
[]
 []

[28]
<Images/intervalRelations.png, id=499, 1351.0475pt x 635.37375pt>
File: Images/intervalRelations.png Graphic file (type png)
<use Images/intervalRelations.png>
Package pdftex.def Info: Images/intervalRelations.png  used on input line 434.
(pdftex.def)             Requested size: 370.0pt x 174.00604pt.
 [29 <./Images/intervalRelations.png>]
Overfull \hbox (3.59874pt too wide) in paragraph at lines 473--476
[]\T1/pplj/m/n/10 (-20) consist in a re-stric-
 []


Overfull \hbox (3.6421pt too wide) in paragraph at lines 477--479
[]\T1/pplj/m/n/10 (-20) A
 []

[30] [31] [32] [33] [34]
<Images/nestedKnowledge.png, id=546, 1164.35pt x 461.725pt>
File: Images/nestedKnowledge.png Graphic file (type png)
<use Images/nestedKnowledge.png>
Package pdftex.def Info: Images/nestedKnowledge.png  used on input line 781.
(pdftex.def)             Requested size: 370.0pt x 146.71935pt.
 [35 <./Images/nestedKnowledge.png>]
<Images/wiseman.png, id=558, 1456.44125pt x 638.385pt>
File: Images/wiseman.png Graphic file (type png)
<use Images/wiseman.png>
Package pdftex.def Info: Images/wiseman.png  used on input line 834.
(pdftex.def)             Requested size: 296.00113pt x 129.7398pt.
 [36 <./Images/wiseman.png>] [37]
<Images/architectureRMS.png, id=574, 1304.875pt x 317.185pt>
File: Images/architectureRMS.png Graphic file (type png)
<use Images/architectureRMS.png>
Package pdftex.def Info: Images/architectureRMS.png  used on input line 918.
(pdftex.def)             Requested size: 370.0pt x 89.93887pt.
 [38 <./Images/architectureRMS.png>]
<Images/slList.png, id=582, 673.51625pt x 394.47375pt>
File: Images/slList.png Graphic file (type png)
<use Images/slList.png>
Package pdftex.def Info: Images/slList.png  used on input line 975.
(pdftex.def)             Requested size: 370.0pt x 216.70842pt.
<Images/exampleSlList.png, id=583, 1386.17876pt x 645.41125pt>
File: Images/exampleSlList.png Graphic file (type png)
<use Images/exampleSlList.png>
Package pdftex.def Info: Images/exampleSlList.png  used on input line 981.
(pdftex.def)             Requested size: 370.0pt x 172.27403pt.
 [39 <./Images/slList.png> <./Images/exampleSlList.png>]
<Images/dependencyGraph.png, id=592, 1416.29124pt x 635.37375pt>
File: Images/dependencyGraph.png Graphic file (type png)
<use Images/dependencyGraph.png>
Package pdftex.def Info: Images/dependencyGraph.png  used on input line 1009.
(pdftex.def)             Requested size: 370.0pt x 165.98827pt.
 [40 <./Images/dependencyGraph.png>]
<Images/cognitive.png, id=598, 761.84625pt x 543.02875pt>
File: Images/cognitive.png Graphic file (type png)
<use Images/cognitive.png>
Package pdftex.def Info: Images/cognitive.png  used on input line 1068.
(pdftex.def)             Requested size: 370.0pt x 263.72491pt.
 [41 <./Images/cognitive.png>]
<Images/hierarchical.png, id=606, 674.52pt x 616.3025pt>
File: Images/hierarchical.png Graphic file (type png)
<use Images/hierarchical.png>
Package pdftex.def Info: Images/hierarchical.png  used on input line 1082.
(pdftex.def)             Requested size: 370.0pt x 338.07404pt.
<Images/inheritanceExample.png, id=608, 647.41875pt x 572.1375pt>
File: Images/inheritanceExample.png Graphic file (type png)
<use Images/inheritanceExample.png>
Package pdftex.def Info: Images/inheritanceExample.png  used on input line 1105
.
(pdftex.def)             Requested size: 370.0pt x 326.97731pt.
 [42 <./Images/hierarchical.png>]
<Images/conceptualGraph.png, id=615, 1191.45125pt x 315.1775pt>
File: Images/conceptualGraph.png Graphic file (type png)
<use Images/conceptualGraph.png>
Package pdftex.def Info: Images/conceptualGraph.png  used on input line 1125.
(pdftex.def)             Requested size: 370.0pt x 97.87714pt.
<Images/complexConceptual.png, id=617, 644.4075pt x 415.5525pt>
File: Images/complexConceptual.png Graphic file (type png)
<use Images/complexConceptual.png>
Package pdftex.def Info: Images/complexConceptual.png  used on input line 1134.

(pdftex.def)             Requested size: 370.0pt x 238.60477pt.
<Images/klOne.png, id=619, 764.8575pt x 575.14874pt>
File: Images/klOne.png Graphic file (type png)
<use Images/klOne.png>
Package pdftex.def Info: Images/klOne.png  used on input line 1149.
(pdftex.def)             Requested size: 370.0pt x 278.22717pt.
 [43 <./Images/inheritanceExample.png> <./Images/conceptualGraph.png>]
<Images/knowledgeConc.png, id=628, 779.91376pt x 603.25375pt>
File: Images/knowledgeConc.png Graphic file (type png)
<use Images/knowledgeConc.png>
Package pdftex.def Info: Images/knowledgeConc.png  used on input line 1158.
(pdftex.def)             Requested size: 370.0pt x 286.18951pt.
<Images/inheritanceNetwork.png, id=630, 1233.60875pt x 488.82625pt>
File: Images/inheritanceNetwork.png Graphic file (type png)
<use Images/inheritanceNetwork.png>
Package pdftex.def Info: Images/inheritanceNetwork.png  used on input line 1167
.
(pdftex.def)             Requested size: 370.0pt x 146.61171pt.
<Images/shortestError.png, id=632, 365.365pt x 773.89125pt>
File: Images/shortestError.png Graphic file (type png)
<use Images/shortestError.png>
Package pdftex.def Info: Images/shortestError.png  used on input line 1183.
(pdftex.def)             Requested size: 370.0pt x 783.74954pt.


LaTeX Warning: Float too large for page by 99.29974pt on input line 1186.

<Images/wordnet.png, id=634, 1237.62375pt x 800.9925pt>
File: Images/wordnet.png Graphic file (type png)
<use Images/wordnet.png>
Package pdftex.def Info: Images/wordnet.png  used on input line 1201.
(pdftex.def)             Requested size: 370.0pt x 239.46849pt.
[44 <./Images/complexConceptual.png>] [45 <./Images/klOne.png> <./Images/knowle
dgeConc.png>] [46 <./Images/inheritanceNetwork.png>] [47 <./Images/shortestErro
r.png>]
<Images/frames.png, id=657, 568.1225pt x 517.935pt>
File: Images/frames.png Graphic file (type png)
<use Images/frames.png>
Package pdftex.def Info: Images/frames.png  used on input line 1266.
(pdftex.def)             Requested size: 370.0pt x 337.3255pt.
 [48 <./Images/wordnet.png>] [49 <./Images/frames.png>]
<Images/framenet.png, id=672, 1311.90125pt x 597.23125pt>
File: Images/framenet.png Graphic file (type png)
<use Images/framenet.png>
Package pdftex.def Info: Images/framenet.png  used on input line 1304.
(pdftex.def)             Requested size: 370.0pt x 168.43564pt.
 [50 <./Images/framenet.png>]
<Images/semanticTechnologies.png, id=679, 915.42pt x 556.0775pt>
File: Images/semanticTechnologies.png Graphic file (type png)
<use Images/semanticTechnologies.png>
Package pdftex.def Info: Images/semanticTechnologies.png  used on input line 13
50.
(pdftex.def)             Requested size: 370.0pt x 224.76044pt.
 [51 <./Images/semanticTechnologies.png>]
<Images/exampleKB.png, id=689, 989.6975pt x 649.42625pt>
File: Images/exampleKB.png Graphic file (type png)
<use Images/exampleKB.png>
Package pdftex.def Info: Images/exampleKB.png  used on input line 1383.
(pdftex.def)             Requested size: 370.0pt x 242.78113pt.
<Images/logicAL.png, id=690, 1345.025pt x 637.38126pt>
File: Images/logicAL.png Graphic file (type png)
<use Images/logicAL.png>
Package pdftex.def Info: Images/logicAL.png  used on input line 1388.
(pdftex.def)             Requested size: 370.0pt x 175.33388pt.
 [52 <./Images/exampleKB.png> <./Images/logicAL.png>]
<Images/rulesAL.png, id=698, 1043.9pt x 346.29375pt>
File: Images/rulesAL.png Graphic file (type png)
<use Images/rulesAL.png>
Package pdftex.def Info: Images/rulesAL.png  used on input line 1408.
(pdftex.def)             Requested size: 370.0pt x 122.74226pt.
<Images/ALLattice.png, id=700, 762.85pt x 701.62125pt>
File: Images/ALLattice.png Graphic file (type png)
<use Images/ALLattice.png>
Package pdftex.def Info: Images/ALLattice.png  used on input line 1417.
(pdftex.def)             Requested size: 370.0pt x 340.2966pt.
<Images/acyclic.png, id=702, 1171.37625pt x 609.27625pt>
File: Images/acyclic.png Graphic file (type png)
<use Images/acyclic.png>
Package pdftex.def Info: Images/acyclic.png  used on input line 1435.
(pdftex.def)             Requested size: 370.0pt x 192.45294pt.
<Images/expanded.png, id=704, 980.66376pt x 531.9875pt>
File: Images/expanded.png Graphic file (type png)
<use Images/expanded.png>
Package pdftex.def Info: Images/expanded.png  used on input line 1456.
(pdftex.def)             Requested size: 370.0pt x 200.71243pt.
 [53 <./Images/rulesAL.png>] [54 <./Images/ALLattice.png> <./Images/acyclic.png
>]
<Images/assertTranslation.png, id=718, 613.29124pt x 230.8625pt>
File: Images/assertTranslation.png Graphic file (type png)
<use Images/assertTranslation.png>
Package pdftex.def Info: Images/assertTranslation.png  used on input line 1473.

(pdftex.def)             Requested size: 370.0pt x 139.27945pt.
<Images/termTranslation.png, id=719, 681.54625pt x 518.93875pt>
File: Images/termTranslation.png Graphic file (type png)
<use Images/termTranslation.png>
Package pdftex.def Info: Images/termTranslation.png  used on input line 1479.
(pdftex.def)             Requested size: 370.0pt x 281.72723pt.

Underfull \hbox (badness 10000) in paragraph at lines 1486--1488

 []

[55 <./Images/expanded.png> <./Images/assertTranslation.png>] [56 <./Images/ter
mTranslation.png>]
<Images/rulesPropagation.png, id=733, 1088.065pt x 598.235pt>
File: Images/rulesPropagation.png Graphic file (type png)
<use Images/rulesPropagation.png>
Package pdftex.def Info: Images/rulesPropagation.png  used on input line 1548.
(pdftex.def)             Requested size: 370.0pt x 203.43372pt.
<Images/addConstructors.png, id=735, 880.28876pt x 597.23125pt>
File: Images/addConstructors.png Graphic file (type png)
<use Images/addConstructors.png>
Package pdftex.def Info: Images/addConstructors.png  used on input line 1571.
(pdftex.def)             Requested size: 370.0pt x 251.02678pt.
<Images/owlSyntax.png, id=737, 1079.03125pt x 622.325pt>
File: Images/owlSyntax.png Graphic file (type png)
<use Images/owlSyntax.png>
Package pdftex.def Info: Images/owlSyntax.png  used on input line 1581.
(pdftex.def)             Requested size: 370.0pt x 213.39192pt.
<Images/owlAxioms.png, id=738, 1114.1625pt x 546.04pt>
File: Images/owlAxioms.png Graphic file (type png)
<use Images/owlAxioms.png>
Package pdftex.def Info: Images/owlAxioms.png  used on input line 1587.
(pdftex.def)             Requested size: 370.0pt x 181.32689pt.
<Images/owlXML.png, id=743, 1030.85126pt x 635.37375pt>
File: Images/owlXML.png Graphic file (type png)
<use Images/owlXML.png>
Package pdftex.def Info: Images/owlXML.png  used on input line 1597.
(pdftex.def)             Requested size: 370.0pt x 228.04602pt.
<Images/DLresults.png, id=744, 1110.1475pt x 580.1675pt>
File: Images/DLresults.png Graphic file (type png)
<use Images/DLresults.png>
Package pdftex.def Info: Images/DLresults.png  used on input line 1602.
(pdftex.def)             Requested size: 370.0pt x 193.35918pt.
) (./bayesianNetwork.tex
Capitolo 5.
[57 <./Images/rulesPropagation.png>] [58 <./Images/addConstructors.png> <./Imag
es/owlSyntax.png>] [59 <./Images/owlAxioms.png> <./Images/owlXML.png> <./Images
/DLresults.png>] [60

] [61] [62] [63]
<Images/enumerationAsk.png, id=790, 1251.67625pt x 628.3475pt>
File: Images/enumerationAsk.png Graphic file (type png)
<use Images/enumerationAsk.png>
Package pdftex.def Info: Images/enumerationAsk.png  used on input line 222.
(pdftex.def)             Requested size: 370.0pt x 185.73482pt.
<Images/variableElimination.png, id=793, 1330.9725pt x 420.57124pt>
File: Images/variableElimination.png Graphic file (type png)
<use Images/variableElimination.png>
Package pdftex.def Info: Images/variableElimination.png  used on input line 254
.
(pdftex.def)             Requested size: 370.0pt x 116.91205pt.
 [64 <./Images/enumerationAsk.png>]
[65 <./Images/variableElimination.png>]
<Images/bayesianMarkov.png, id=805, 1114.1625pt x 338.26375pt>
File: Images/bayesianMarkov.png Graphic file (type png)
<use Images/bayesianMarkov.png>
Package pdftex.def Info: Images/bayesianMarkov.png  used on input line 316.
(pdftex.def)             Requested size: 370.0pt x 112.32933pt.
 [66 <./Images/bayesianMarkov.png>]
<Images/inferenceOperations.png, id=814, 978.65625pt x 524.96124pt>
File: Images/inferenceOperations.png Graphic file (type png)
<use Images/inferenceOperations.png>
Package pdftex.def Info: Images/inferenceOperations.png  used on input line 355
.
(pdftex.def)             Requested size: 370.0pt x 198.47003pt.

[67 <./Images/inferenceOperations.png>] [68]
<Images/forwardBackward.png, id=827, 1235.61626pt x 528.97626pt>
File: Images/forwardBackward.png Graphic file (type png)
<use Images/forwardBackward.png>
Package pdftex.def Info: Images/forwardBackward.png  used on input line 455.
(pdftex.def)             Requested size: 370.0pt x 158.39545pt.

Overfull \hbox (50.38542pt too wide) detected at line 472
[] \OML/zplm/m/it/10 P\OT1/zplm/m/n/10 (\OML/zplm/m/it/10 x[]; [] ; x[]; X[]\OM
S/zplm/m/n/10 j\OML/zplm/m/it/10 e[]\OT1/zplm/m/n/10 ) = \OML/zplm/m/it/10 P\O
T1/zplm/m/n/10 (\OML/zplm/m/it/10 e[]\OMS/zplm/m/n/10 j\OML/zplm/m/it/10 X[]\OT
1/zplm/m/n/10 ) [](\OML/zplm/m/it/10 P\OT1/zplm/m/n/10 (\OML/zplm/m/it/10 X[]\O
MS/zplm/m/n/10 j\OML/zplm/m/it/10 X[]\OT1/zplm/m/n/10 ) [] \OML/zplm/m/it/10 P\
OT1/zplm/m/n/10 (\OML/zplm/m/it/10 x[]; [] ; x[]; x[]\OMS/zplm/m/n/10 j\OML/zpl
m/m/it/10 e[]\OT1/zplm/m/n/10 ))
 []

[69 <./Images/forwardBackward.png>] [70]) (./rules.tex
Capitolo 6.
[71]
<Images/forwardChaining.png, id=844, 1267.73625pt x 715.67375pt>
File: Images/forwardChaining.png Graphic file (type png)
<use Images/forwardChaining.png>
Package pdftex.def Info: Images/forwardChaining.png  used on input line 38.
(pdftex.def)             Requested size: 370.0pt x 208.87234pt.
 [72

]
Overfull \hbox (21.00375pt too wide) in paragraph at lines 78--79
[][][][][][][][][][][][][][][][][][][][][] 
 []


Overfull \hbox (117.00473pt too wide) in paragraph at lines 79--80
[][][][][][][][][][][][][][][][][][][][][][][][][][][] 
 []


Overfull \hbox (201.00558pt too wide) in paragraph at lines 84--85
[][][][][][][][][][][][][][][][][][][][][][][][][][][][][] 
 []

[73 <./Images/forwardChaining.png>] [74]
<Images/sldPseudo.png, id=875, 1442.38875pt x 755.82375pt>
File: Images/sldPseudo.png Graphic file (type png)
<use Images/sldPseudo.png>
Package pdftex.def Info: Images/sldPseudo.png  used on input line 155.
(pdftex.def)             Requested size: 370.0pt x 193.88002pt.
 [75 <./Images/sldPseudo.png>] [76]
(/usr/share/texlive/texmf-dist/tex/latex/listings/lstlang1.sty
File: lstlang1.sty 2020/03/24 1.8d listings language file
)
(/usr/share/texlive/texmf-dist/tex/latex/listings/lstlang2.sty
File: lstlang2.sty 2020/03/24 1.8d listings language file
) [77]
<Images/constraintsProlog.png, id=900, 1320.935pt x 422.57875pt>
File: Images/constraintsProlog.png Graphic file (type png)
<use Images/constraintsProlog.png>
Package pdftex.def Info: Images/constraintsProlog.png  used on input line 328.
(pdftex.def)             Requested size: 370.0pt x 118.36638pt.
<Images/metaInterpreter.png, id=902, 635.37375pt x 583.17876pt>
File: Images/metaInterpreter.png Graphic file (type png)
<use Images/metaInterpreter.png>
Package pdftex.def Info: Images/metaInterpreter.png  used on input line 348.
(pdftex.def)             Requested size: 370.0pt x 339.6143pt.
 [78 <./Images/constraintsProlog.png>] [79 <./Images/metaInterpreter.png>]
<Images/answerSet.png, id=914, 1330.9725pt x 599.23875pt>
File: Images/answerSet.png Graphic file (type png)
<use Images/answerSet.png>
Package pdftex.def Info: Images/answerSet.png  used on input line 365.
(pdftex.def)             Requested size: 370.0pt x 166.57874pt.
<Images/exampleAnswer.png, id=917, 468.75125pt x 293.095pt>
File: Images/exampleAnswer.png Graphic file (type png)
<use Images/exampleAnswer.png>
Package pdftex.def Info: Images/exampleAnswer.png  used on input line 403.
(pdftex.def)             Requested size: 166.49887pt x 104.10535pt.
<Images/exampleGround.png, id=918, 729.72626pt x 357.335pt>
File: Images/exampleGround.png Graphic file (type png)
<use Images/exampleGround.png>
Package pdftex.def Info: Images/exampleGround.png  used on input line 404.
(pdftex.def)             Requested size: 166.49887pt x 81.53102pt.
 [80 <./Images/answerSet.png>]
<Images/answerSetNotNegative.png, id=924, 1279.78125pt x 472.76625pt>
File: Images/answerSetNotNegative.png Graphic file (type png)
<use Images/answerSetNotNegative.png>
Package pdftex.def Info: Images/answerSetNotNegative.png  used on input line 43
2.
(pdftex.def)             Requested size: 370.0pt x 136.6803pt.
<Images/answerSetMoreEx.png, id=925, 1284.8pt x 519.9425pt>
File: Images/answerSetMoreEx.png Graphic file (type png)
<use Images/answerSetMoreEx.png>
Package pdftex.def Info: Images/answerSetMoreEx.png  used on input line 437.
(pdftex.def)             Requested size: 370.0pt x 149.73221pt.


LaTeX Warning: Reference `img:answerSetNoNegative' on page 81 undefined on inpu
t line 446.

[81 <./Images/exampleAnswer.png> <./Images/exampleGround.png> <./Images/answerS
etNotNegative.png> <./Images/answerSetMoreEx.png>] [82]
<Images/answerSolver.png, id=944, 869.2475pt x 318.18875pt>
File: Images/answerSolver.png Graphic file (type png)
<use Images/answerSolver.png>
Package pdftex.def Info: Images/answerSolver.png  used on input line 550.
(pdftex.def)             Requested size: 370.0pt x 135.43962pt.
) (./planning.tex
Capitolo 7.
[83 <./Images/answerSolver.png>]
<Images/satPlan.png, id=951, 1046.91125pt x 373.395pt>
File: Images/satPlan.png Graphic file (type png)
<use Images/satPlan.png>
Package pdftex.def Info: Images/satPlan.png  used on input line 15.
(pdftex.def)             Requested size: 370.0pt x 131.96075pt.
 [84

 <./Images/satplan.png>]
<Images/PDDLEx.png, id=959, 1222.5675pt x 513.92pt>
File: Images/PDDLEx.png Graphic file (type png)
<use Images/PDDLEx.png>
Package pdftex.def Info: Images/PDDLEx.png  used on input line 57.
(pdftex.def)             Requested size: 370.0pt x 155.53381pt.
 [85 <./Images/PDDLEx.png>]
<Images/ignoreDeleteEx.png, id=967, 918.43124pt x 431.6125pt>
File: Images/ignoreDeleteEx.png Graphic file (type png)
<use Images/ignoreDeleteEx.png>
Package pdftex.def Info: Images/ignoreDeleteEx.png  used on input line 124.
(pdftex.def)             Requested size: 370.0pt x 173.88008pt.
 [86 <./Images/ignoreDeleteEx.png>]
<Images/examplePlanning.png, id=976, 1397.22pt x 640.3925pt>
File: Images/examplePlanning.png Graphic file (type png)
<use Images/examplePlanning.png>
Package pdftex.def Info: Images/examplePlanning.png  used on input line 168.
(pdftex.def)             Requested size: 370.0pt x 169.58594pt.
 [87 <./Images/examplePlanning.png>]
<Images/graphplan.png, id=986, 1345.025pt x 530.98375pt>
File: Images/graphplan.png Graphic file (type png)
<use Images/graphplan.png>
Package pdftex.def Info: Images/graphplan.png  used on input line 211.
(pdftex.def)             Requested size: 370.0pt x 146.06554pt.
<Images/exampleGraphPlan.png, id=987, 1441.385pt x 611.28375pt>
File: Images/exampleGraphPlan.png Graphic file (type png)
<use Images/exampleGraphPlan.png>
Package pdftex.def Info: Images/exampleGraphPlan.png  used on input line 217.
(pdftex.def)             Requested size: 370.0pt x 156.9153pt.
[88 <./Images/graphplan.png> <./Images/exampleGraphPlan.png>]
Underfull \hbox (badness 10000) in paragraph at lines 242--244

 []

[89]
<Images/popActions.png, id=1010, 1281.78876pt x 386.44376pt>
File: Images/popActions.png Graphic file (type png)
<use Images/popActions.png>
Package pdftex.def Info: Images/popActions.png  used on input line 299.
(pdftex.def)             Requested size: 370.0pt x 111.5469pt.
<Images/emptyPop.png, id=1011, 530.98375pt x 629.35126pt>
File: Images/emptyPop.png Graphic file (type png)
<use Images/emptyPop.png>
Package pdftex.def Info: Images/emptyPop.png  used on input line 304.
(pdftex.def)             Requested size: 370.0pt x 438.55502pt.
<Images/threats.png, id=1014, 1044.90375pt x 618.31pt>
File: Images/threats.png Graphic file (type png)
<use Images/threats.png>
Package pdftex.def Info: Images/threats.png  used on input line 321.
(pdftex.def)             Requested size: 370.0pt x 218.94022pt.
<Images/POPExample.png, id=1015, 1450.41875pt x 868.24374pt>
File: Images/POPExample.png Graphic file (type png)
<use Images/POPExample.png>
Package pdftex.def Info: Images/POPExample.png  used on input line 326.
(pdftex.def)             Requested size: 370.0pt x 221.48534pt.
) [90 <./Images/popActions.png>] [91 <./Images/emptyPop.png>] [92 <./Images/thr
eats.png> <./Images/POPExample.png>]
Package atveryend Info: Empty hook `BeforeClearDocument' on input line 45.
Package atveryend Info: Empty hook `AfterLastShipout' on input line 45.
 (./artificialIntelligence.aux)
Package atveryend Info: Executing hook `AtVeryEndDocument' on input line 45.
Package atveryend Info: Executing hook `AtEndAfterFileList' on input line 45.
Package rerunfilecheck Info: File `artificialIntelligence.out' has not changed.

(rerunfilecheck)             Checksum: 648100FE7F5992A0DA0C83F49BFFC56B;1574.


LaTeX Font Warning: Some font shapes were not available, defaults substituted.


LaTeX Warning: There were undefined references.

 ) 
Here is how much of TeX's memory you used:
 18245 strings out of 480906
 307449 string characters out of 5910771
 837306 words of memory out of 5000000
 32629 multiletter control sequences out of 15000+600000
 660114 words of font info for 489 fonts, out of 8000000 for 9000
 1141 hyphenation exceptions out of 8191
 66i,23n,98p,855b,1133s stack positions out of 5000i,500n,10000p,200000b,80000s
{/usr/share/texlive/texmf-dist/fonts/enc/dvips/base/8r.enc}{/usr/share/texliv
e/texmf-dist/fonts/enc/dvips/iwona/ec-iwona.enc}{/usr/share/texlive/texmf-dist/
fonts/enc/dvips/iwona/ec-iwona-sc.enc}</usr/share/texlive/texmf-dist/fonts/type
1/public/amsfonts/cm/cmmi10.pfb></usr/share/texlive/texmf-dist/fonts/type1/publ
ic/amsfonts/cm/cmr10.pfb></usr/share/texlive/texmf-dist/fonts/type1/public/amsf
onts/cm/cmsy10.pfb></usr/share/texlive/texmf-dist/fonts/type1/public/fpl/fplbj8
a.pfb></usr/share/texlive/texmf-dist/fonts/type1/public/mathpazo/fplmr.pfb></us
r/share/texlive/texmf-dist/fonts/type1/public/mathpazo/fplmri.pfb></usr/share/t
exlive/texmf-dist/fonts/type1/public/fpl/fplrc8a.pfb></usr/share/texlive/texmf-
dist/fonts/type1/nowacki/iwona/iwonab.pfb></usr/share/texlive/texmf-dist/fonts/
type1/nowacki/iwona/iwonar.pfb></usr/share/texlive/texmf-dist/fonts/type1/publi
c/amsfonts/symbols/msam10.pfb></usr/share/texlive/texmf-dist/fonts/type1/urw/pa
latino/uplb8a.pfb></usr/share/texlive/texmf-dist/fonts/type1/urw/palatino/uplr8
a.pfb></usr/share/texlive/texmf-dist/fonts/type1/urw/palatino/uplri8a.pfb>
Output written on artificialIntelligence.pdf (92 pages, 9500818 bytes).
PDF statistics:
 1155 PDF objects out of 1200 (max. 8388607)
 895 compressed objects within 9 object streams
 333 named destinations out of 1000 (max. 500000)
 66096 words of extra memory for PDF output out of 74296 (max. 10000000)

