\BOOKMARK [0][]{chapter.1}{1 Introduction}{}% 1
\BOOKMARK [0][]{chapter.2}{2 Agents}{}% 2
\BOOKMARK [0][]{chapter.3}{3 CSP \(Constraint Satisfaction Problems}{}% 3
\BOOKMARK [1][-]{section.3.1}{3.1 Review of local search methods}{chapter.3}% 4
\BOOKMARK [1][-]{section.3.2}{3.2 The Structure of Problems}{chapter.3}% 5
\BOOKMARK [0][]{chapter.4}{4 Knowledge representation \046 reasoning}{}% 6
\BOOKMARK [1][-]{section.4.1}{4.1 Proposizional and First Order Logic}{chapter.4}% 7
\BOOKMARK [1][-]{section.4.2}{4.2 Knowledge \046 Ontological Engineering}{chapter.4}% 8
\BOOKMARK [1][-]{section.4.3}{4.3 Situation Calculus}{chapter.4}% 9
\BOOKMARK [1][-]{section.4.4}{4.4 Event Calculus}{chapter.4}% 10
\BOOKMARK [1][-]{section.4.5}{4.5 Nonmonotonic reasoning}{chapter.4}% 11
\BOOKMARK [1][-]{section.4.6}{4.6 Knowledge and beliefs}{chapter.4}% 12
\BOOKMARK [1][-]{section.4.7}{4.7 Reason Maintenance Systems}{chapter.4}% 13
\BOOKMARK [1][-]{section.4.8}{4.8 Semantic Networks and Frames}{chapter.4}% 14
\BOOKMARK [1][-]{section.4.9}{4.9 Description Logics}{chapter.4}% 15
\BOOKMARK [0][]{chapter.5}{5 Bayesian Network}{}% 16
\BOOKMARK [1][-]{section.5.1}{5.1 Uncertain Reasoning}{chapter.5}% 17
\BOOKMARK [1][-]{section.5.2}{5.2 Bayesian Network}{chapter.5}% 18
\BOOKMARK [1][-]{section.5.3}{5.3 Probabilistic reasoning over time}{chapter.5}% 19
\BOOKMARK [0][]{chapter.6}{6 Rule-based systems}{}% 20
\BOOKMARK [1][-]{section.6.1}{6.1 Prolog}{chapter.6}% 21
\BOOKMARK [1][-]{section.6.2}{6.2 Answer Set Programming}{chapter.6}% 22
\BOOKMARK [0][]{chapter.7}{7 Planning}{}% 23
